# JRE version: OpenJDK Runtime Environment Temurin-17.0.11+9 (17.0.11+9) (build 17.0.11+9)
# Java VM: OpenJDK Client VM Temurin-17.0.11+9 (17.0.11+9, mixed mode, emulated-client, serial gc, windows-x86)
GC Precious Log:
 CPUs: 16 total, 16 available
 Memory: 16068M
 Large Page Support: Disabled
 NUMA Support: Disabled
 Compressed Oops: Disabled
 Heap Min Capacity: 6M
 Heap Initial Capacity: 16M
 Heap Max Capacity: 1536M
 Pre-touch: Disabled
Heap:
 def new generation   total 155392K, used 29364K [0x04e00000, 0x0f690000, 0x24e00000)
  eden space 138176K,  17% used [0x04e00000, 0x066385b0, 0x0d4f0000)
  from space 17216K,  26% used [0x0e5c0000, 0x0ea34df8, 0x0f690000)
  to   space 17216K,   0% used [0x0d4f0000, 0x0d4f0000, 0x0e5c0000)
 tenured generation   total 343168K, used 262001K [0x24e00000, 0x39d20000, 0x64e00000)
   the space 343168K,  76% used [0x24e00000, 0x34ddc658, 0x34ddc800, 0x39d20000)
 Metaspace       used 97257K, committed 97728K, reserved 98304K
GC Heap History (20 events):
Event: 107.918 GC heap before
{Heap before GC invocations=110 (full 7):
 def new generation   total 155392K, used 153286K [0x04e00000, 0x0f690000, 0x24e00000)
  eden space 138176K, 100% used [0x04e00000, 0x0d4f0000, 0x0d4f0000)
  from space 17216K,  87% used [0x0e5c0000, 0x0f481898, 0x0f690000)
  to   space 17216K,   0% used [0x0d4f0000, 0x0d4f0000, 0x0e5c0000)
 tenured generation   total 343168K, used 247037K [0x24e00000, 0x39d20000, 0x64e00000)
   the space 343168K,  71% used [0x24e00000, 0x33f3f698, 0x33f3f800, 0x39d20000)
 Metaspace       used 94296K, committed 94784K, reserved 98304K
}
Event: 107.948 GC heap after
{Heap after GC invocations=111 (full 7):
 def new generation   total 155392K, used 1680K [0x04e00000, 0x0f690000, 0x24e00000)
  eden space 138176K,   0% used [0x04e00000, 0x04e00000, 0x0d4f0000)
  from space 17216K,   9% used [0x0d4f0000, 0x0d694040, 0x0e5c0000)
  to   space 17216K,   0% used [0x0e5c0000, 0x0e5c0000, 0x0f690000)
 tenured generation   total 343168K, used 262001K [0x24e00000, 0x39d20000, 0x64e00000)
   the space 343168K,  76% used [0x24e00000, 0x34ddc658, 0x34ddc800, 0x39d20000)
 Metaspace       used 94296K, committed 94784K, reserved 98304K
}
Event: 108.000 GC heap before
{Heap before GC invocations=111 (full 7):
 def new generation   total 155392K, used 139856K [0x04e00000, 0x0f690000, 0x24e00000)
  eden space 138176K, 100% used [0x04e00000, 0x0d4f0000, 0x0d4f0000)
  from space 17216K,   9% used [0x0d4f0000, 0x0d694040, 0x0e5c0000)
  to   space 17216K,   0% used [0x0e5c0000, 0x0e5c0000, 0x0f690000)
 tenured generation   total 343168K, used 262001K [0x24e00000, 0x39d20000, 0x64e00000)
   the space 343168K,  76% used [0x24e00000, 0x34ddc658, 0x34ddc800, 0x39d20000)
 Metaspace       used 94380K, committed 94912K, reserved 98304K
}
Event: 108.006 GC heap after
{Heap after GC invocations=112 (full 7):
 def new generation   total 155392K, used 2760K [0x04e00000, 0x0f690000, 0x24e00000)
  eden space 138176K,   0% used [0x04e00000, 0x04e00000, 0x0d4f0000)
  from space 17216K,  16% used [0x0e5c0000, 0x0e872398, 0x0f690000)
  to   space 17216K,   0% used [0x0d4f0000, 0x0d4f0000, 0x0e5c0000)
 tenured generation   total 343168K, used 262001K [0x24e00000, 0x39d20000, 0x64e00000)
   the space 343168K,  76% used [0x24e00000, 0x34ddc658, 0x34ddc800, 0x39d20000)
 Metaspace       used 94380K, committed 94912K, reserved 98304K
}
Event: 109.246 GC heap before
{Heap before GC invocations=112 (full 7):
 def new generation   total 155392K, used 140936K [0x04e00000, 0x0f690000, 0x24e00000)
  eden space 138176K, 100% used [0x04e00000, 0x0d4f0000, 0x0d4f0000)
  from space 17216K,  16% used [0x0e5c0000, 0x0e872398, 0x0f690000)
  to   space 17216K,   0% used [0x0d4f0000, 0x0d4f0000, 0x0e5c0000)
 tenured generation   total 343168K, used 262001K [0x24e00000, 0x39d20000, 0x64e00000)
   the space 343168K,  76% used [0x24e00000, 0x34ddc658, 0x34ddc800, 0x39d20000)
 Metaspace       used 96647K, committed 97152K, reserved 98304K
}
Event: 109.260 GC heap after
{Heap after GC invocations=113 (full 7):
 def new generation   total 155392K, used 4503K [0x04e00000, 0x0f690000, 0x24e00000)
  eden space 138176K,   0% used [0x04e00000, 0x04e00000, 0x0d4f0000)
  from space 17216K,  26% used [0x0d4f0000, 0x0d955fd8, 0x0e5c0000)
  to   space 17216K,   0% used [0x0e5c0000, 0x0e5c0000, 0x0f690000)
 tenured generation   total 343168K, used 262001K [0x24e00000, 0x39d20000, 0x64e00000)
   the space 343168K,  76% used [0x24e00000, 0x34ddc658, 0x34ddc800, 0x39d20000)
 Metaspace       used 96647K, committed 97152K, reserved 98304K
}
Event: 109.357 GC heap before
{Heap before GC invocations=113 (full 7):
 def new generation   total 155392K, used 142679K [0x04e00000, 0x0f690000, 0x24e00000)
  eden space 138176K, 100% used [0x04e00000, 0x0d4f0000, 0x0d4f0000)
  from space 17216K,  26% used [0x0d4f0000, 0x0d955fd8, 0x0e5c0000)
  to   space 17216K,   0% used [0x0e5c0000, 0x0e5c0000, 0x0f690000)
 tenured generation   total 343168K, used 262001K [0x24e00000, 0x39d20000, 0x64e00000)
   the space 343168K,  76% used [0x24e00000, 0x34ddc658, 0x34ddc800, 0x39d20000)
 Metaspace       used 96715K, committed 97216K, reserved 98304K
}
Event: 109.368 GC heap after
{Heap after GC invocations=114 (full 7):
 def new generation   total 155392K, used 4567K [0x04e00000, 0x0f690000, 0x24e00000)
  eden space 138176K,   0% used [0x04e00000, 0x04e00000, 0x0d4f0000)
  from space 17216K,  26% used [0x0e5c0000, 0x0ea35f30, 0x0f690000)
  to   space 17216K,   0% used [0x0d4f0000, 0x0d4f0000, 0x0e5c0000)
 tenured generation   total 343168K, used 262001K [0x24e00000, 0x39d20000, 0x64e00000)
   the space 343168K,  76% used [0x24e00000, 0x34ddc658, 0x34ddc800, 0x39d20000)
 Metaspace       used 96715K, committed 97216K, reserved 98304K
}
Event: 109.428 GC heap before
{Heap before GC invocations=114 (full 7):
 def new generation   total 155392K, used 142743K [0x04e00000, 0x0f690000, 0x24e00000)
  eden space 138176K, 100% used [0x04e00000, 0x0d4f0000, 0x0d4f0000)
  from space 17216K,  26% used [0x0e5c0000, 0x0ea35f30, 0x0f690000)
  to   space 17216K,   0% used [0x0d4f0000, 0x0d4f0000, 0x0e5c0000)
 tenured generation   total 343168K, used 262001K [0x24e00000, 0x39d20000, 0x64e00000)
   the space 343168K,  76% used [0x24e00000, 0x34ddc658, 0x34ddc800, 0x39d20000)
 Metaspace       used 96744K, committed 97216K, reserved 98304K
}
Event: 109.440 GC heap after
{Heap after GC invocations=115 (full 7):
 def new generation   total 155392K, used 4924K [0x04e00000, 0x0f690000, 0x24e00000)
  eden space 138176K,   0% used [0x04e00000, 0x04e00000, 0x0d4f0000)
  from space 17216K,  28% used [0x0d4f0000, 0x0d9bf260, 0x0e5c0000)
  to   space 17216K,   0% used [0x0e5c0000, 0x0e5c0000, 0x0f690000)
 tenured generation   total 343168K, used 262001K [0x24e00000, 0x39d20000, 0x64e00000)
   the space 343168K,  76% used [0x24e00000, 0x34ddc658, 0x34ddc800, 0x39d20000)
 Metaspace       used 96744K, committed 97216K, reserved 98304K
}
Event: 109.491 GC heap before
{Heap before GC invocations=115 (full 7):
 def new generation   total 155392K, used 143100K [0x04e00000, 0x0f690000, 0x24e00000)
  eden space 138176K, 100% used [0x04e00000, 0x0d4f0000, 0x0d4f0000)
  from space 17216K,  28% used [0x0d4f0000, 0x0d9bf260, 0x0e5c0000)
  to   space 17216K,   0% used [0x0e5c0000, 0x0e5c0000, 0x0f690000)
 tenured generation   total 343168K, used 262001K [0x24e00000, 0x39d20000, 0x64e00000)
   the space 343168K,  76% used [0x24e00000, 0x34ddc658, 0x34ddc800, 0x39d20000)
 Metaspace       used 96770K, committed 97280K, reserved 98304K
}
Event: 109.499 GC heap after
{Heap after GC invocations=116 (full 7):
 def new generation   total 155392K, used 4752K [0x04e00000, 0x0f690000, 0x24e00000)
  eden space 138176K,   0% used [0x04e00000, 0x04e00000, 0x0d4f0000)
  from space 17216K,  27% used [0x0e5c0000, 0x0ea642a0, 0x0f690000)
  to   space 17216K,   0% used [0x0d4f0000, 0x0d4f0000, 0x0e5c0000)
 tenured generation   total 343168K, used 262001K [0x24e00000, 0x39d20000, 0x64e00000)
   the space 343168K,  76% used [0x24e00000, 0x34ddc658, 0x34ddc800, 0x39d20000)
 Metaspace       used 96770K, committed 97280K, reserved 98304K
}
Event: 109.539 GC heap before
{Heap before GC invocations=116 (full 7):
 def new generation   total 155392K, used 142928K [0x04e00000, 0x0f690000, 0x24e00000)
  eden space 138176K, 100% used [0x04e00000, 0x0d4f0000, 0x0d4f0000)
  from space 17216K,  27% used [0x0e5c0000, 0x0ea642a0, 0x0f690000)
  to   space 17216K,   0% used [0x0d4f0000, 0x0d4f0000, 0x0e5c0000)
 tenured generation   total 343168K, used 262001K [0x24e00000, 0x39d20000, 0x64e00000)
   the space 343168K,  76% used [0x24e00000, 0x34ddc658, 0x34ddc800, 0x39d20000)
 Metaspace       used 96771K, committed 97280K, reserved 98304K
}
Event: 109.549 GC heap after
{Heap after GC invocations=117 (full 7):
 def new generation   total 155392K, used 4881K [0x04e00000, 0x0f690000, 0x24e00000)
  eden space 138176K,   0% used [0x04e00000, 0x04e00000, 0x0d4f0000)
  from space 17216K,  28% used [0x0d4f0000, 0x0d9b4678, 0x0e5c0000)
  to   space 17216K,   0% used [0x0e5c0000, 0x0e5c0000, 0x0f690000)
 tenured generation   total 343168K, used 262001K [0x24e00000, 0x39d20000, 0x64e00000)
   the space 343168K,  76% used [0x24e00000, 0x34ddc658, 0x34ddc800, 0x39d20000)
 Metaspace       used 96771K, committed 97280K, reserved 98304K
}
Event: 109.587 GC heap before
{Heap before GC invocations=117 (full 7):
 def new generation   total 155392K, used 143057K [0x04e00000, 0x0f690000, 0x24e00000)
  eden space 138176K, 100% used [0x04e00000, 0x0d4f0000, 0x0d4f0000)
  from space 17216K,  28% used [0x0d4f0000, 0x0d9b4678, 0x0e5c0000)
  to   space 17216K,   0% used [0x0e5c0000, 0x0e5c0000, 0x0f690000)
 tenured generation   total 343168K, used 262001K [0x24e00000, 0x39d20000, 0x64e00000)
   the space 343168K,  76% used [0x24e00000, 0x34ddc658, 0x34ddc800, 0x39d20000)
 Metaspace       used 96786K, committed 97280K, reserved 98304K
}
Event: 109.598 GC heap after
{Heap after GC invocations=118 (full 7):
 def new generation   total 155392K, used 4949K [0x04e00000, 0x0f690000, 0x24e00000)
  eden space 138176K,   0% used [0x04e00000, 0x04e00000, 0x0d4f0000)
  from space 17216K,  28% used [0x0e5c0000, 0x0ea95568, 0x0f690000)
  to   space 17216K,   0% used [0x0d4f0000, 0x0d4f0000, 0x0e5c0000)
 tenured generation   total 343168K, used 262001K [0x24e00000, 0x39d20000, 0x64e00000)
   the space 343168K,  76% used [0x24e00000, 0x34ddc658, 0x34ddc800, 0x39d20000)
 Metaspace       used 96786K, committed 97280K, reserved 98304K
}
Event: 109.637 GC heap before
{Heap before GC invocations=118 (full 7):
 def new generation   total 155392K, used 143125K [0x04e00000, 0x0f690000, 0x24e00000)
  eden space 138176K, 100% used [0x04e00000, 0x0d4f0000, 0x0d4f0000)
  from space 17216K,  28% used [0x0e5c0000, 0x0ea95568, 0x0f690000)
  to   space 17216K,   0% used [0x0d4f0000, 0x0d4f0000, 0x0e5c0000)
 tenured generation   total 343168K, used 262001K [0x24e00000, 0x39d20000, 0x64e00000)
   the space 343168K,  76% used [0x24e00000, 0x34ddc658, 0x34ddc800, 0x39d20000)
 Metaspace       used 96797K, committed 97280K, reserved 98304K
}
Event: 109.648 GC heap after
{Heap after GC invocations=119 (full 7):
 def new generation   total 155392K, used 5184K [0x04e00000, 0x0f690000, 0x24e00000)
  eden space 138176K,   0% used [0x04e00000, 0x04e00000, 0x0d4f0000)
  from space 17216K,  30% used [0x0d4f0000, 0x0da00250, 0x0e5c0000)
  to   space 17216K,   0% used [0x0e5c0000, 0x0e5c0000, 0x0f690000)
 tenured generation   total 343168K, used 262001K [0x24e00000, 0x39d20000, 0x64e00000)
   the space 343168K,  76% used [0x24e00000, 0x34ddc658, 0x34ddc800, 0x39d20000)
 Metaspace       used 96797K, committed 97280K, reserved 98304K
}
Event: 110.018 GC heap before
{Heap before GC invocations=119 (full 7):
 def new generation   total 155392K, used 143360K [0x04e00000, 0x0f690000, 0x24e00000)
  eden space 138176K, 100% used [0x04e00000, 0x0d4f0000, 0x0d4f0000)
  from space 17216K,  30% used [0x0d4f0000, 0x0da00250, 0x0e5c0000)
  to   space 17216K,   0% used [0x0e5c0000, 0x0e5c0000, 0x0f690000)
 tenured generation   total 343168K, used 262001K [0x24e00000, 0x39d20000, 0x64e00000)
   the space 343168K,  76% used [0x24e00000, 0x34ddc658, 0x34ddc800, 0x39d20000)
 Metaspace       used 97250K, committed 97728K, reserved 98304K
}
Event: 110.026 GC heap after
{Heap after GC invocations=120 (full 7):
 def new generation   total 155392K, used 4563K [0x04e00000, 0x0f690000, 0x24e00000)
  eden space 138176K,   0% used [0x04e00000, 0x04e00000, 0x0d4f0000)
  from space 17216K,  26% used [0x0e5c0000, 0x0ea34df8, 0x0f690000)
  to   space 17216K,   0% used [0x0d4f0000, 0x0d4f0000, 0x0e5c0000)
 tenured generation   total 343168K, used 262001K [0x24e00000, 0x39d20000, 0x64e00000)
   the space 343168K,  76% used [0x24e00000, 0x34ddc658, 0x34ddc800, 0x39d20000)
 Metaspace       used 97250K, committed 97728K, reserved 98304K
}

